<?xml version="1.0" encoding="UTF-8"?>
<!-- Generated by org.testng.reporters.JUnitReportReporter -->
<testsuite hostname="acharya-t590" failures="0" tests="1" name="rb.tests.TestCases" time="0.029" errors="0" timestamp="2024-07-14T15:16:28 GMT-07:00" skipped="0">
  <testcase classname="rb.tests.TestCases" name="tempTry" time="0.029"/>
</testsuite> <!-- rb.tests.TestCases -->
