<?xml version="1.0" encoding="UTF-8"?>
<!-- Generated by org.testng.reporters.JUnitReportReporter -->
<testsuite hostname="acharya-t590" failures="0" tests="1" name="tempPkg.temporary" time="10.822" errors="0" timestamp="2024-07-04T21:49:29 GMT-07:00" skipped="0">
  <testcase classname="tempPkg.temporary" name="verifyTitle" time="10.822"/>
</testsuite> <!-- tempPkg.temporary -->
